c:\users\sxypd\desktop\pointclouddim\pointclouddim\x64\release\planeequation.obj
c:\users\sxypd\desktop\pointclouddim\pointclouddim\x64\release\app.obj
c:\users\sxypd\desktop\pointclouddim\pointclouddim\x64\release\pointclouddim.obj
c:\users\sxypd\desktop\pointclouddim\pointclouddim\x64\release\dimreader.obj
c:\users\sxypd\desktop\pointclouddim\pointclouddim\x64\release\dimcalculate.obj
c:\users\sxypd\desktop\pointclouddim\pointclouddim\x64\release\point.obj
c:\users\sxypd\desktop\pointclouddim\pointclouddim\x64\release\main.obj
c:\users\sxypd\desktop\pointclouddim\pointclouddim\x64\release\moc_pointclouddim.obj
c:\users\sxypd\desktop\pointclouddim\pointclouddim\x64\release\qrc_pointclouddim.obj
c:\users\sxypd\desktop\pointclouddim\x64\release\pointclouddim.exe
c:\users\sxypd\desktop\pointclouddim\pointclouddim\.\generatedfiles\release\moc_pointclouddim.cpp
c:\users\sxypd\desktop\pointclouddim\pointclouddim\generatedfiles\ui_pointclouddim.h
c:\users\sxypd\desktop\pointclouddim\pointclouddim\generatedfiles\qrc_pointclouddim.cpp
c:\users\sxypd\desktop\pointclouddim\pointclouddim\generatedfiles\release\moc_pointclouddim.cpp
c:\users\sxypd\desktop\pointclouddim\pointclouddim\x64\release\pointclouddim.res
c:\users\sxypd\desktop\pointclouddim\pointclouddim\.\generatedfiles\qrc_pointclouddim.cpp
c:\users\sxypd\desktop\pointclouddim\pointclouddim\.\generatedfiles\ui_pointclouddim.h
c:\users\sxypd\desktop\pointclouddim\pointclouddim\x64\release\pointclouddim.tlog\cl.command.1.tlog
c:\users\sxypd\desktop\pointclouddim\pointclouddim\x64\release\pointclouddim.tlog\cl.read.1.tlog
c:\users\sxypd\desktop\pointclouddim\pointclouddim\x64\release\pointclouddim.tlog\cl.write.1.tlog
c:\users\sxypd\desktop\pointclouddim\pointclouddim\x64\release\pointclouddim.tlog\link.command.1.tlog
c:\users\sxypd\desktop\pointclouddim\pointclouddim\x64\release\pointclouddim.tlog\link.read.1.tlog
c:\users\sxypd\desktop\pointclouddim\pointclouddim\x64\release\pointclouddim.tlog\link.write.1.tlog
c:\users\sxypd\desktop\pointclouddim\pointclouddim\x64\release\pointclouddim.tlog\moc.read.1u.tlog
c:\users\sxypd\desktop\pointclouddim\pointclouddim\x64\release\pointclouddim.tlog\moc.write.1u.tlog
c:\users\sxypd\desktop\pointclouddim\pointclouddim\x64\release\pointclouddim.tlog\pointclouddim.write.1u.tlog
c:\users\sxypd\desktop\pointclouddim\pointclouddim\x64\release\pointclouddim.tlog\rc.command.1.tlog
c:\users\sxypd\desktop\pointclouddim\pointclouddim\x64\release\pointclouddim.tlog\rc.read.1.tlog
c:\users\sxypd\desktop\pointclouddim\pointclouddim\x64\release\pointclouddim.tlog\rc.write.1.tlog
c:\users\sxypd\desktop\pointclouddim\pointclouddim\x64\release\pointclouddim.tlog\rcc.read.1u.tlog
c:\users\sxypd\desktop\pointclouddim\pointclouddim\x64\release\pointclouddim.tlog\rcc.write.1u.tlog
c:\users\sxypd\desktop\pointclouddim\pointclouddim\x64\release\pointclouddim.tlog\uic.read.1u.tlog
c:\users\sxypd\desktop\pointclouddim\pointclouddim\x64\release\pointclouddim.tlog\uic.write.1u.tlog
