  Uic'ing PointCloudDim.ui...
  Rcc'ing PointCloudDim.qrc...
  Moc'ing PointCloudDim.h...
   RCC: Warning: No resources in 'C:\Users\sxypd\Desktop\PointCloudDim\PointCloudDim\PointCloudDim.qrc'.
  app.cpp
  DimCalculate.cpp
  DimReader.cpp
  main.cpp
  PlaneEquation.cpp
  Point.cpp
  PointCloudDim.cpp
c:\pcl1.9.1\3rdparty\vtk\include\vtk-8.1\vtkrenderingopenglmodule.h(38): warning C4081: 应输入“(”；找到“字符串” (编译源文件 main.cpp)
c:\pcl1.9.1\3rdparty\vtk\include\vtk-8.1\vtkrenderingopenglmodule.h(38): warning C4081: 应输入“(”；找到“字符串” (编译源文件 PointCloudDim.cpp)
c:\pcl1.9.1\include\pcl-1.9\pcl\point_traits.h : warning C4819: 该文件包含不能在当前代码页(936)中表示的字符。请将该文件保存为 Unicode 格式以防止数据丢失 (编译源文件 PointCloudDim.cpp)
c:\pcl1.9.1\include\pcl-1.9\pcl\sample_consensus\ransac.h : warning C4819: 该文件包含不能在当前代码页(936)中表示的字符。请将该文件保存为 Unicode 格式以防止数据丢失 (编译源文件 PointCloudDim.cpp)
c:\pcl1.9.1\include\pcl-1.9\pcl\sample_consensus\sac_model_registration.h : warning C4819: 该文件包含不能在当前代码页(936)中表示的字符。请将该文件保存为 Unicode 格式以防止数据丢失 (编译源文件 PointCloudDim.cpp)
c:\pcl1.9.1\include\pcl-1.9\pcl\sample_consensus\sac_model_registration.h : warning C4819: 该文件包含不能在当前代码页(936)中表示的字符。请将该文件保存为 Unicode 格式以防止数据丢失 (编译源文件 PointCloudDim.cpp)
c:\pcl1.9.1\include\pcl-1.9\pcl\visualization\interactor_style.h : warning C4819: 该文件包含不能在当前代码页(936)中表示的字符。请将该文件保存为 Unicode 格式以防止数据丢失 (编译源文件 PointCloudDim.cpp)
c:\pcl1.9.1\include\pcl-1.9\pcl\visualization\pcl_visualizer.h(1609): warning C4819: 该文件包含不能在当前代码页(936)中表示的字符。请将该文件保存为 Unicode 格式以防止数据丢失 (编译源文件 PointCloudDim.cpp)
  qrc_PointCloudDim.cpp
  moc_PointCloudDim.cpp
c:\pcl1.9.1\3rdparty\vtk\include\vtk-8.1\vtkrenderingopenglmodule.h(38): warning C4081: 应输入“(”；找到“字符串” (编译源文件 GeneratedFiles\Debug\moc_PointCloudDim.cpp)
  PointCloudDim.vcxproj -> C:\Users\sxypd\Desktop\PointCloudDim\x64\Debug\PointCloudDim.exe
